{"/Users/adebayoogunmuyiwa/Desktop/devOps/notes/src/components/CreateNote.vue": {"path":"/Users/adebayoogunmuyiwa/Desktop/devOps/notes/src/components/CreateNote.vue","statementMap":{"0":{"start":{"line":28,"column":0},"end":{"line":null,"column":-1}},"1":{"start":{"line":33,"column":0},"end":{"line":null,"column":-1}},"2":{"start":{"line":40,"column":0},"end":{"line":null,"column":-1}},"3":{"start":{"line":41,"column":0},"end":{"line":53,"column":0}},"4":{"start":{"line":42,"column":0},"end":{"line":null,"column":-1}},"5":{"start":{"line":46,"column":0},"end":{"line":50,"column":0}},"6":{"start":{"line":47,"column":0},"end":{"line":null,"column":-1}},"7":{"start":{"line":49,"column":0},"end":{"line":null,"column":-1}},"8":{"start":{"line":51,"column":0},"end":{"line":53,"column":0}},"9":{"start":{"line":52,"column":0},"end":{"line":null,"column":-1}},"10":{"start":{"line":54,"column":0},"end":{"line":null,"column":-1}},"11":{"start":{"line":55,"column":0},"end":{"line":null,"column":-1}},"12":{"start":{"line":57,"column":0},"end":{"line":null,"column":-1}},"13":{"start":{"line":58,"column":0},"end":{"line":null,"column":-1}},"14":{"start":{"line":59,"column":0},"end":{"line":null,"column":-1}},"15":{"start":{"line":60,"column":0},"end":{"line":64,"column":0}},"16":{"start":{"line":61,"column":0},"end":{"line":null,"column":-1}},"17":{"start":{"line":63,"column":0},"end":{"line":null,"column":-1}},"18":{"start":{"line":67,"column":0},"end":{"line":null,"column":-1}},"19":{"start":{"line":71,"column":0},"end":{"line":73,"column":0}},"20":{"start":{"line":72,"column":0},"end":{"line":null,"column":-1}}},"fnMap":{"0":{"name":"data","decl":{"start":{"line":32,"column":0},"end":{"line":null,"column":-1}},"loc":{"start":{"line":32,"column":0},"end":{"line":37,"column":0}}},"1":{"name":"saveNote","decl":{"start":{"line":39,"column":0},"end":{"line":null,"column":-1}},"loc":{"start":{"line":39,"column":0},"end":{"line":56,"column":0}}},"2":{"name":"loadNote","decl":{"start":{"line":57,"column":0},"end":{"line":null,"column":-1}},"loc":{"start":{"line":57,"column":0},"end":{"line":65,"column":0}}},"3":{"name":"(anonymous_5)","decl":{"start":{"line":59,"column":0},"end":{"line":null,"column":-1}},"loc":{"start":{"line":59,"column":0},"end":{"line":null,"column":-1}}},"4":{"name":"goBack","decl":{"start":{"line":66,"column":0},"end":{"line":null,"column":-1}},"loc":{"start":{"line":66,"column":0},"end":{"line":68,"column":0}}},"5":{"name":"mounted","decl":{"start":{"line":70,"column":0},"end":{"line":null,"column":-1}},"loc":{"start":{"line":70,"column":0},"end":{"line":74,"column":0}}}},"branchMap":{"0":{"loc":{"start":{"line":41,"column":0},"end":{"line":53,"column":0}},"type":"if","locations":[{"start":{"line":41,"column":0},"end":{"line":53,"column":0}},{"start":{"line":41,"column":0},"end":{"line":53,"column":0}}]},"1":{"loc":{"start":{"line":43,"column":0},"end":{"line":null,"column":-1}},"type":"binary-expr","locations":[{"start":{"line":43,"column":0},"end":{"line":null,"column":-1}},{"start":{"line":43,"column":0},"end":{"line":null,"column":-1}}]},"2":{"loc":{"start":{"line":46,"column":0},"end":{"line":50,"column":0}},"type":"if","locations":[{"start":{"line":46,"column":0},"end":{"line":50,"column":0}},{"start":{"line":46,"column":0},"end":{"line":50,"column":0}}]},"3":{"loc":{"start":{"line":51,"column":0},"end":{"line":53,"column":0}},"type":"if","locations":[{"start":{"line":51,"column":0},"end":{"line":53,"column":0}},{"start":{"line":51,"column":0},"end":{"line":53,"column":0}}]},"4":{"loc":{"start":{"line":60,"column":0},"end":{"line":64,"column":0}},"type":"if","locations":[{"start":{"line":60,"column":0},"end":{"line":64,"column":0}},{"start":{"line":60,"column":0},"end":{"line":64,"column":0}}]},"5":{"loc":{"start":{"line":71,"column":0},"end":{"line":73,"column":0}},"type":"if","locations":[{"start":{"line":71,"column":0},"end":{"line":73,"column":0}},{"start":{"line":71,"column":0},"end":{"line":73,"column":0}}]}},"s":{"0":0,"1":0,"2":0,"3":0,"4":0,"5":0,"6":0,"7":0,"8":0,"9":0,"10":0,"11":0,"12":0,"13":0,"14":0,"15":0,"16":0,"17":0,"18":0,"19":0,"20":0},"f":{"0":0,"1":0,"2":0,"3":0,"4":0,"5":0},"b":{"0":[0,0],"1":[0,0],"2":[0,0],"3":[0,0],"4":[0,0],"5":[0,0]}}
,"/Users/adebayoogunmuyiwa/Desktop/devOps/notes/src/components/Note.vue": {"path":"/Users/adebayoogunmuyiwa/Desktop/devOps/notes/src/components/Note.vue","statementMap":{"0":{"start":{"line":23,"column":0},"end":{"line":null,"column":-1}},"1":{"start":{"line":28,"column":0},"end":{"line":null,"column":-1}},"2":{"start":{"line":30,"column":0},"end":{"line":null,"column":-1}},"3":{"start":{"line":31,"column":0},"end":{"line":null,"column":-1}},"4":{"start":{"line":32,"column":0},"end":{"line":34,"column":0}},"5":{"start":{"line":33,"column":0},"end":{"line":null,"column":-1}},"6":{"start":{"line":37,"column":0},"end":{"line":null,"column":-1}},"7":{"start":{"line":42,"column":0},"end":{"line":null,"column":-1}},"8":{"start":{"line":44,"column":0},"end":{"line":50,"column":0}},"9":{"start":{"line":45,"column":0},"end":{"line":null,"column":-1}},"10":{"start":{"line":46,"column":0},"end":{"line":null,"column":-1}},"11":{"start":{"line":47,"column":0},"end":{"line":null,"column":-1}},"12":{"start":{"line":48,"column":0},"end":{"line":null,"column":-1}},"13":{"start":{"line":49,"column":0},"end":{"line":null,"column":-1}},"14":{"start":{"line":54,"column":0},"end":{"line":null,"column":-1}}},"fnMap":{"0":{"name":"data","decl":{"start":{"line":22,"column":0},"end":{"line":null,"column":-1}},"loc":{"start":{"line":22,"column":0},"end":{"line":26,"column":0}}},"1":{"name":"loadNote","decl":{"start":{"line":28,"column":0},"end":{"line":null,"column":-1}},"loc":{"start":{"line":28,"column":0},"end":{"line":35,"column":0}}},"2":{"name":"(anonymous_3)","decl":{"start":{"line":31,"column":0},"end":{"line":null,"column":-1}},"loc":{"start":{"line":31,"column":0},"end":{"line":null,"column":-1}}},"3":{"name":"goBack","decl":{"start":{"line":36,"column":0},"end":{"line":null,"column":-1}},"loc":{"start":{"line":36,"column":0},"end":{"line":38,"column":0}}},"4":{"name":"editNote","decl":{"start":{"line":39,"column":0},"end":{"line":null,"column":-1}},"loc":{"start":{"line":39,"column":0},"end":{"line":41,"column":0}}},"5":{"name":"deleteNote","decl":{"start":{"line":42,"column":0},"end":{"line":null,"column":-1}},"loc":{"start":{"line":42,"column":0},"end":{"line":51,"column":0}}},"6":{"name":"(anonymous_7)","decl":{"start":{"line":46,"column":0},"end":{"line":null,"column":-1}},"loc":{"start":{"line":46,"column":0},"end":{"line":null,"column":-1}}},"7":{"name":"mounted","decl":{"start":{"line":53,"column":0},"end":{"line":null,"column":-1}},"loc":{"start":{"line":53,"column":0},"end":{"line":55,"column":0}}}},"branchMap":{"0":{"loc":{"start":{"line":32,"column":0},"end":{"line":34,"column":0}},"type":"if","locations":[{"start":{"line":32,"column":0},"end":{"line":34,"column":0}},{"start":{"line":32,"column":0},"end":{"line":34,"column":0}}]},"1":{"loc":{"start":{"line":44,"column":0},"end":{"line":50,"column":0}},"type":"if","locations":[{"start":{"line":44,"column":0},"end":{"line":50,"column":0}},{"start":{"line":44,"column":0},"end":{"line":50,"column":0}}]}},"s":{"0":0,"1":0,"2":0,"3":0,"4":0,"5":0,"6":0,"7":0,"8":0,"9":0,"10":0,"11":0,"12":0,"13":0,"14":0},"f":{"0":0,"1":0,"2":0,"3":0,"4":0,"5":0,"6":0,"7":0},"b":{"0":[0,0],"1":[0,0]}}
,"/Users/adebayoogunmuyiwa/Desktop/devOps/notes/src/components/NoteList.vue": {"path":"/Users/adebayoogunmuyiwa/Desktop/devOps/notes/src/components/NoteList.vue","statementMap":{"0":{"start":{"line":26,"column":0},"end":{"line":null,"column":-1}},"1":{"start":{"line":29,"column":0},"end":{"line":null,"column":-1}},"2":{"start":{"line":35,"column":0},"end":{"line":null,"column":-1}},"3":{"start":{"line":38,"column":0},"end":{"line":null,"column":-1}},"4":{"start":{"line":42,"column":0},"end":{"line":null,"column":-1}},"5":{"start":{"line":46,"column":0},"end":{"line":null,"column":-1}}},"fnMap":{"0":{"name":"data","decl":{"start":{"line":28,"column":0},"end":{"line":null,"column":-1}},"loc":{"start":{"line":28,"column":0},"end":{"line":32,"column":0}}},"1":{"name":"loadNotes","decl":{"start":{"line":34,"column":0},"end":{"line":null,"column":-1}},"loc":{"start":{"line":34,"column":0},"end":{"line":36,"column":0}}},"2":{"name":"createNote","decl":{"start":{"line":37,"column":0},"end":{"line":null,"column":-1}},"loc":{"start":{"line":37,"column":0},"end":{"line":39,"column":0}}},"3":{"name":"mounted","decl":{"start":{"line":41,"column":0},"end":{"line":null,"column":-1}},"loc":{"start":{"line":41,"column":0},"end":{"line":43,"column":0}}},"4":{"name":"notesCount","decl":{"start":{"line":45,"column":0},"end":{"line":null,"column":-1}},"loc":{"start":{"line":45,"column":0},"end":{"line":47,"column":0}}}},"branchMap":{},"s":{"0":0,"1":0,"2":0,"3":0,"4":0,"5":0},"f":{"0":0,"1":0,"2":0,"3":0,"4":0},"b":{}}
,"/Users/adebayoogunmuyiwa/Desktop/devOps/notes/src/components/NoteListItem.vue": {"path":"/Users/adebayoogunmuyiwa/Desktop/devOps/notes/src/components/NoteListItem.vue","statementMap":{"0":{"start":{"line":14,"column":0},"end":{"line":null,"column":-1}},"1":{"start":{"line":20,"column":0},"end":{"line":null,"column":-1}}},"fnMap":{"0":{"name":"parseTimestamp","decl":{"start":{"line":19,"column":0},"end":{"line":null,"column":-1}},"loc":{"start":{"line":19,"column":0},"end":{"line":21,"column":0}}}},"branchMap":{},"s":{"0":0,"1":0},"f":{"0":0},"b":{}}
}
