TN:
SF:/Users/adebayoogunmuyiwa/Desktop/devOps/notes/src/components/CreateNote.vue
FN:32,data
FN:39,saveNote
FN:57,loadNote
FN:59,(anonymous_5)
FN:66,goBack
FN:70,mounted
FNF:6
FNH:0
FNDA:0,data
FNDA:0,saveNote
FNDA:0,loadNote
FNDA:0,(anonymous_5)
FNDA:0,goBack
FNDA:0,mounted
DA:28,0
DA:33,0
DA:40,0
DA:41,0
DA:42,0
DA:46,0
DA:47,0
DA:49,0
DA:51,0
DA:52,0
DA:54,0
DA:55,0
DA:57,0
DA:58,0
DA:59,0
DA:60,0
DA:61,0
DA:63,0
DA:67,0
DA:71,0
DA:72,0
LF:21
LH:0
BRDA:41,0,0,0
BRDA:41,0,1,0
BRDA:43,1,0,0
BRDA:43,1,1,0
BRDA:46,2,0,0
BRDA:46,2,1,0
BRDA:51,3,0,0
BRDA:51,3,1,0
BRDA:60,4,0,0
BRDA:60,4,1,0
BRDA:71,5,0,0
BRDA:71,5,1,0
BRF:12
BRH:0
end_of_record
TN:
SF:/Users/adebayoogunmuyiwa/Desktop/devOps/notes/src/components/HelloWorld.vue
FN:89,data
FNF:1
FNH:0
FNDA:0,data
DA:90,0
LF:1
LH:0
BRF:0
BRH:0
end_of_record
TN:
SF:/Users/adebayoogunmuyiwa/Desktop/devOps/notes/src/components/Note.vue
FN:22,data
FN:28,loadNote
FN:31,(anonymous_3)
FN:36,goBack
FN:39,editNote
FN:42,deleteNote
FN:46,(anonymous_7)
FN:53,mounted
FNF:8
FNH:0
FNDA:0,data
FNDA:0,loadNote
FNDA:0,(anonymous_3)
FNDA:0,goBack
FNDA:0,editNote
FNDA:0,deleteNote
FNDA:0,(anonymous_7)
FNDA:0,mounted
DA:23,0
DA:28,0
DA:30,0
DA:31,0
DA:32,0
DA:33,0
DA:37,0
DA:42,0
DA:44,0
DA:45,0
DA:46,0
DA:47,0
DA:48,0
DA:49,0
DA:54,0
LF:15
LH:0
BRDA:32,0,0,0
BRDA:32,0,1,0
BRDA:44,1,0,0
BRDA:44,1,1,0
BRF:4
BRH:0
end_of_record
TN:
SF:/Users/adebayoogunmuyiwa/Desktop/devOps/notes/src/components/NoteList.vue
FN:28,data
FN:34,loadNotes
FN:37,createNote
FN:41,mounted
FN:45,notesCount
FNF:5
FNH:0
FNDA:0,data
FNDA:0,loadNotes
FNDA:0,createNote
FNDA:0,mounted
FNDA:0,notesCount
DA:26,0
DA:29,0
DA:35,0
DA:38,0
DA:42,0
DA:46,0
LF:6
LH:0
BRF:0
BRH:0
end_of_record
TN:
SF:/Users/adebayoogunmuyiwa/Desktop/devOps/notes/src/components/NoteListItem.vue
FN:19,parseTimestamp
FNF:1
FNH:0
FNDA:0,parseTimestamp
DA:14,0
DA:20,0
LF:2
LH:0
BRF:0
BRH:0
end_of_record
